-------------------------------------------------
O876 Modulable Server - dev version 2015-02-04
[2016-11-11T22:28:42.567Z] [T] channel "general" created
[2016-11-11T22:28:42.568Z] txat system online
[2016-11-11T22:28:42.586Z] server is listening on port 6616...
-------------------------------------------------
O876 Modulable Server - dev version 2015-02-04
[2016-12-13T10:29:14.270Z] [T] channel "general" created
[2016-12-13T10:29:14.271Z] txat system online
[2016-12-13T10:29:14.304Z] server is listening on port 6616...
-------------------------------------------------
O876 Modulable Server - dev version 2015-02-04
[2017-01-19T12:08:09.253Z] [T] channel "general" created
[2017-01-19T12:08:09.254Z] txat system online
[2017-01-19T12:08:09.287Z] server is listening on port 6616...
-------------------------------------------------
O876 Modulable Server - dev version 2015-02-04
-------------------------------------------------
O876 Modulable Server - dev version 2015-02-04
[2017-01-19T12:36:16.969Z] txat system online
[2017-01-19T12:36:16.981Z] server is listening on port 6616...
-------------------------------------------------
O876 Modulable Server - dev version 2015-02-04
[2017-01-19T13:26:18.282Z] txat system online
[2017-01-19T13:26:18.293Z] server is listening on port 6616...
-------------------------------------------------
O876 Modulable Server - dev version 2015-02-04
[2017-01-19T13:34:14.245Z] txat system online
[2017-01-19T13:34:14.257Z] server is listening on port 6616...
-------------------------------------------------
O876 Modulable Server - dev version 2015-02-04
[2017-01-19T13:34:50.742Z] txat system online
[2017-01-19T13:34:50.753Z] server is listening on port 6616...
-------------------------------------------------
O876 Modulable Server - dev version 2015-02-04
[2017-01-19T13:35:45.514Z] txat system online
[2017-01-19T13:35:45.526Z] server is listening on port 6616...
-------------------------------------------------
O876 Modulable Server - dev version 2015-02-04
[2017-01-19T13:36:15.524Z] txat system online
[2017-01-19T13:36:15.535Z] server is listening on port 6616...
[2017-01-19T13:36:18.931Z] [Socket] registering #1
[2017-01-19T14:04:57.460Z] [Socket] closing #1
